Using pre-set license
Built from '2021.1/release' branch; Version is '2021.1.0f1 (61a549675243) revision 6399305'; Using compiler version '192528614'; Build Type 'Release'
OS: 'Windows 10 Home; OS build 19041.867; Version 2004; 64bit' Language: 'ja' Physical Memory: 32715 MB
BatchMode: 1, IsHumanControllingUs: 0, StartBugReporterOnCrash: 0, Is64bit: 1, IsPro: 0

 COMMAND LINE ARGUMENTS:
C:\Program Files\Unity\Hub\Editor\2021.1.0f1\Editor\Unity.exe
-adb2
-batchMode
-noUpm
-name
AssetImportWorker0
-projectPath
D:/project/ShaderStudyBook
-logFile
Logs/AssetImportWorker0.log
-srvPort
55099
Successfully changed project path to: D:/project/ShaderStudyBook
D:/project/ShaderStudyBook
Using Asset Import Pipeline V2.
Unable to join player connection multicast group.

Refreshing native plugins compatible for Editor in 46.45 ms, found 0 plugins.
Preloading 0 native plugins for Editor in 0.00 ms.
Initialize engine version: 2021.1.0f1 (61a549675243)
[Subsystems] Discovering subsystems at path C:/Program Files/Unity/Hub/Editor/2021.1.0f1/Editor/Data/Resources/UnitySubsystems
[Subsystems] Discovering subsystems at path D:/project/ShaderStudyBook/Assets
GfxDevice: creating device client; threaded=0; jobified=0
Direct3D:
    Version:  Direct3D 11.0 [level 11.0]
    Renderer: NVIDIA GeForce GTX 750 (ID=0x1381)
    Vendor:   NVIDIA
    VRAM:     994 MB
    Driver:   22.21.13.8205
Initialize mono
Mono path[0] = 'C:/Program Files/Unity/Hub/Editor/2021.1.0f1/Editor/Data/Managed'
Mono path[1] = 'C:/Program Files/Unity/Hub/Editor/2021.1.0f1/Editor/Data/MonoBleedingEdge/lib/mono/unityjit'
Mono config path = 'C:/Program Files/Unity/Hub/Editor/2021.1.0f1/Editor/Data/MonoBleedingEdge/etc'
Using monoOptions --debugger-agent=transport=dt_socket,embedding=1,server=y,suspend=n,address=127.0.0.1:56864
Begin MonoManager ReloadAssembly
Registering precompiled unity dll's ...
Register platform support module: C:/Program Files/Unity/Hub/Editor/2021.1.0f1/Editor/Data/PlaybackEngines/WindowsStandaloneSupport/UnityEditor.WindowsStandalone.Extensions.dll
Registered in 0.002224 seconds.
Native extension for WindowsStandalone target not found
Refreshing native plugins compatible for Editor in 28.93 ms, found 0 plugins.
Preloading 0 native plugins for Editor in 0.00 ms.
Mono: successfully reloaded assembly
- Completed reload, in  2.169 seconds
Platform modules already initialized, skipping
Registering precompiled user dll's ...
Registered in 0.000629 seconds.
Begin MonoManager ReloadAssembly
Native extension for WindowsStandalone target not found
Refreshing native plugins compatible for Editor in 0.34 ms, found 0 plugins.
Preloading 0 native plugins for Editor in 0.00 ms.
Mono: successfully reloaded assembly
- Completed reload, in  0.871 seconds
Platform modules already initialized, skipping
========================================================================
Worker process is ready to serve import requests
Launched and connected shader compiler UnityShaderCompiler.exe after 0.05 seconds
Refreshing native plugins compatible for Editor in 0.23 ms, found 0 plugins.
Preloading 0 native plugins for Editor in 0.00 ms.
Unloading 1392 Unused Serialized files (Serialized files now loaded: 0)
System memory in use before: 88.6 MB.
System memory in use after: 88.6 MB.

Unloading 10 unused Assets to reduce memory usage. Loaded Objects now: 1871.
Total: 1.909900 ms (FindLiveObjects: 0.157900 ms CreateObjectMapping: 0.074400 ms MarkObjects: 1.588200 ms  DeleteObjects: 0.088100 ms)

========================================================================
Received Import Request.
  path: Assets/Resources/Material/glass.png
  artifactKey: Guid(27df70377ed7ba94eb866fc0e98d9d65) Importer(815301076,1909f56bfc062723c751e8b465ee728b)
Start importing Assets/Resources/Material/glass.png using Guid(27df70377ed7ba94eb866fc0e98d9d65) Importer(815301076,1909f56bfc062723c751e8b465ee728b)  -> (artifact id: '46b376956920fa7252e68ebee13a5184') in 0.212111 seconds 
========================================================================
Received Import Request.
  Time since last request: 0.000350 seconds.
  path: Assets/Resources/Material/mask.png
  artifactKey: Guid(7eed400d2f66c5f4ab5eda8aaa76ece4) Importer(815301076,1909f56bfc062723c751e8b465ee728b)
Start importing Assets/Resources/Material/mask.png using Guid(7eed400d2f66c5f4ab5eda8aaa76ece4) Importer(815301076,1909f56bfc062723c751e8b465ee728b)  -> (artifact id: 'f660dcd7cee1c7741fab88bb211af3aa') in 0.016540 seconds 
========================================================================
Received Import Request.
  Time since last request: 0.000287 seconds.
  path: Assets/Resources/Material/tile.png
  artifactKey: Guid(3c497ed291d74cd4cb26d3a3430b49dc) Importer(815301076,1909f56bfc062723c751e8b465ee728b)
Start importing Assets/Resources/Material/tile.png using Guid(3c497ed291d74cd4cb26d3a3430b49dc) Importer(815301076,1909f56bfc062723c751e8b465ee728b)  -> (artifact id: '359b36f3f778fa08d71c91a9b65cc1fa') in 0.024793 seconds 
========================================================================
Received Import Request.
  Time since last request: 24.361919 seconds.
  path: Assets/Resources/Material/HelloWorld
  artifactKey: Guid(4facf862f00511c48810cacf681748a8) Importer(815301076,1909f56bfc062723c751e8b465ee728b)
Start importing Assets/Resources/Material/HelloWorld using Guid(4facf862f00511c48810cacf681748a8) Importer(815301076,1909f56bfc062723c751e8b465ee728b)  -> (artifact id: '6b609eef7e867c8cd2f86d6a968a0992') in 0.007782 seconds 
========================================================================
Received Import Request.
  Time since last request: 10.712952 seconds.
  path: Assets/Resources/Material/HelloWorld/HelloWorld.shader
  artifactKey: Guid(dd9280f616afdce45bdb5ca0cdddea48) Importer(815301076,1909f56bfc062723c751e8b465ee728b)
Start importing Assets/Resources/Material/HelloWorld/HelloWorld.shader using Guid(dd9280f616afdce45bdb5ca0cdddea48) Importer(815301076,1909f56bfc062723c751e8b465ee728b)  -> (artifact id: '7226787ac4f7071df9ddef1e62146e82') in 0.009886 seconds 
========================================================================
Received Import Request.
  Time since last request: 43.308287 seconds.
  path: Assets/Resources/Material/HelloWorld/HelloWorld.mat
  artifactKey: Guid(90af9d944dfb26c418fd21128612573a) Importer(815301076,1909f56bfc062723c751e8b465ee728b)
Start importing Assets/Resources/Material/HelloWorld/HelloWorld.mat using Guid(90af9d944dfb26c418fd21128612573a) Importer(815301076,1909f56bfc062723c751e8b465ee728b)  -> (artifact id: '4452f6315f73bef81c420d0305b4bc7d') in 0.060514 seconds 
========================================================================
Received Import Request.
  Time since last request: 44.443038 seconds.
  path: Assets/Resources/Material/HelloWorld/HelloWorld.mat
  artifactKey: Guid(90af9d944dfb26c418fd21128612573a) Importer(815301076,1909f56bfc062723c751e8b465ee728b)
Start importing Assets/Resources/Material/HelloWorld/HelloWorld.mat using Guid(90af9d944dfb26c418fd21128612573a) Importer(815301076,1909f56bfc062723c751e8b465ee728b)  -> (artifact id: 'd6ccf210acfa42a59011ed4f24155177') in 0.020872 seconds 
========================================================================
Received Import Request.
  Time since last request: 39.906715 seconds.
  path: Assets/Scripts/ShaderChanger.cs
  artifactKey: Guid(09fcd4252a60a8947a6555f2ce69ba68) Importer(815301076,1909f56bfc062723c751e8b465ee728b)
Start importing Assets/Scripts/ShaderChanger.cs using Guid(09fcd4252a60a8947a6555f2ce69ba68) Importer(815301076,1909f56bfc062723c751e8b465ee728b)  -> (artifact id: '8ce0f5d652f4e0e9fec4730923a8f294') in 0.027649 seconds 
========================================================================
Received Import Request.
  Time since last request: 9.255141 seconds.
  path: Assets/Scripts/Main.cs
  artifactKey: Guid(45f455b296174cf4998ee9db4af24ebe) Importer(815301076,1909f56bfc062723c751e8b465ee728b)
Start importing Assets/Scripts/Main.cs using Guid(45f455b296174cf4998ee9db4af24ebe) Importer(815301076,1909f56bfc062723c751e8b465ee728b)  -> (artifact id: '2e4c11e9b22e7a1b0a241ff17496e8ea') in 0.006741 seconds 
========================================================================
Received Import Request.
  Time since last request: 1.043589 seconds.
  path: Assets/Scripts/ShaderSelector.cs
  artifactKey: Guid(3c5daad3e2b52c547b1e9c7c834f9314) Importer(815301076,1909f56bfc062723c751e8b465ee728b)
Start importing Assets/Scripts/ShaderSelector.cs using Guid(3c5daad3e2b52c547b1e9c7c834f9314) Importer(815301076,1909f56bfc062723c751e8b465ee728b)  -> (artifact id: '35004681dce27c23537464832b8d9dc3') in 0.008714 seconds 
========================================================================
Received Prepare
Registering precompiled user dll's ...
Registered in 0.000742 seconds.
Begin MonoManager ReloadAssembly
Native extension for WindowsStandalone target not found
Refreshing native plugins compatible for Editor in 0.21 ms, found 0 plugins.
Preloading 0 native plugins for Editor in 0.00 ms.
Mono: successfully reloaded assembly
- Completed reload, in  0.894 seconds
Platform modules already initialized, skipping
Refreshing native plugins compatible for Editor in 0.22 ms, found 0 plugins.
Preloading 0 native plugins for Editor in 0.00 ms.
Unloading 1369 Unused Serialized files (Serialized files now loaded: 0)
System memory in use before: 92.7 MB.
System memory in use after: 92.8 MB.

Unloading 7 unused Assets to reduce memory usage. Loaded Objects now: 1959.
Total: 2.569000 ms (FindLiveObjects: 0.261100 ms CreateObjectMapping: 0.079600 ms MarkObjects: 2.120600 ms  DeleteObjects: 0.106200 ms)

========================================================================
Received Import Request.
  Time since last request: 111.258296 seconds.
  path: Assets/Resources/Material/Sphere.prefab
  artifactKey: Guid(1a7f655f67a434b4593808e42f230386) Importer(815301076,1909f56bfc062723c751e8b465ee728b)
Start importing Assets/Resources/Material/Sphere.prefab using Guid(1a7f655f67a434b4593808e42f230386) Importer(815301076,1909f56bfc062723c751e8b465ee728b)  -> (artifact id: 'ab9c97fd5cd08ca548c8d5c0576a9f6e') in 0.053746 seconds 
========================================================================
Received Import Request.
  Time since last request: 1.833132 seconds.
  path: Assets/Resources/Prefab/Alicia_solid Variant.prefab
  artifactKey: Guid(f1188c77c22e84247b36b3128f4dc7a2) Importer(815301076,1909f56bfc062723c751e8b465ee728b)
Start importing Assets/Resources/Prefab/Alicia_solid Variant.prefab using Guid(f1188c77c22e84247b36b3128f4dc7a2) Importer(815301076,1909f56bfc062723c751e8b465ee728b)  -> (artifact id: '699c87511f0750501b2b713de2b8964c') in 0.130264 seconds 
========================================================================
Received Prepare
Registering precompiled user dll's ...
Registered in 0.000522 seconds.
Begin MonoManager ReloadAssembly
Native extension for WindowsStandalone target not found
Refreshing native plugins compatible for Editor in 0.31 ms, found 0 plugins.
Preloading 0 native plugins for Editor in 0.00 ms.
Mono: successfully reloaded assembly
- Completed reload, in  1.036 seconds
Platform modules already initialized, skipping
Refreshing native plugins compatible for Editor in 0.32 ms, found 0 plugins.
Preloading 0 native plugins for Editor in 0.00 ms.
Unloading 1365 Unused Serialized files (Serialized files now loaded: 0)
System memory in use before: 106.5 MB.
System memory in use after: 106.6 MB.

Unloading 6 unused Assets to reduce memory usage. Loaded Objects now: 1965.
Total: 2.519000 ms (FindLiveObjects: 0.181800 ms CreateObjectMapping: 0.058600 ms MarkObjects: 2.189500 ms  DeleteObjects: 0.088200 ms)

========================================================================
Received Prepare
Registering precompiled user dll's ...
Registered in 0.000525 seconds.
Begin MonoManager ReloadAssembly
Native extension for WindowsStandalone target not found
Refreshing native plugins compatible for Editor in 0.22 ms, found 0 plugins.
Preloading 0 native plugins for Editor in 0.00 ms.
Mono: successfully reloaded assembly
- Completed reload, in  0.739 seconds
Platform modules already initialized, skipping
Refreshing native plugins compatible for Editor in 0.21 ms, found 0 plugins.
Preloading 0 native plugins for Editor in 0.00 ms.
Unloading 1365 Unused Serialized files (Serialized files now loaded: 0)
System memory in use before: 106.5 MB.
System memory in use after: 106.6 MB.

Unloading 5 unused Assets to reduce memory usage. Loaded Objects now: 1968.
Total: 1.994400 ms (FindLiveObjects: 0.166800 ms CreateObjectMapping: 0.060700 ms MarkObjects: 1.692900 ms  DeleteObjects: 0.072900 ms)

========================================================================
Received Import Request.
  Time since last request: 113.345604 seconds.
  path: Assets/Resources/Material/HelloWorld/HelloWorld.mat
  artifactKey: Guid(90af9d944dfb26c418fd21128612573a) Importer(815301076,1909f56bfc062723c751e8b465ee728b)
Start importing Assets/Resources/Material/HelloWorld/HelloWorld.mat using Guid(90af9d944dfb26c418fd21128612573a) Importer(815301076,1909f56bfc062723c751e8b465ee728b)  -> (artifact id: '63eb565b32afa7abe7d24767385a9f06') in 0.050584 seconds 
========================================================================
Received Import Request.
  Time since last request: 64931.588758 seconds.
  path: Assets/Resources/Material/HelloWorld/HelloWorld.shader
  artifactKey: Guid(dd9280f616afdce45bdb5ca0cdddea48) Importer(815301076,1909f56bfc062723c751e8b465ee728b)
Start importing Assets/Resources/Material/HelloWorld/HelloWorld.shader using Guid(dd9280f616afdce45bdb5ca0cdddea48) Importer(815301076,1909f56bfc062723c751e8b465ee728b)  -> (artifact id: '1e8f661066e5165a4fd6060545ef18ee') in 0.013249 seconds 
========================================================================
Received Import Request.
  Time since last request: 196758.559167 seconds.
  path: Assets/Resources/Material/HelloWorld/HelloWorld.shader
  artifactKey: Guid(dd9280f616afdce45bdb5ca0cdddea48) Importer(815301076,1909f56bfc062723c751e8b465ee728b)
Start importing Assets/Resources/Material/HelloWorld/HelloWorld.shader using Guid(dd9280f616afdce45bdb5ca0cdddea48) Importer(815301076,1909f56bfc062723c751e8b465ee728b)  -> (artifact id: 'dfd6f54b19925de3bd535a3a68e59e7f') in 0.012155 seconds 
========================================================================
Received Import Request.
  Time since last request: 98.083795 seconds.
  path: Assets/Resources/Material/BlendTexture
  artifactKey: Guid(7a2a60eaf03016445801f1303e5fc8a6) Importer(815301076,1909f56bfc062723c751e8b465ee728b)
Start importing Assets/Resources/Material/BlendTexture using Guid(7a2a60eaf03016445801f1303e5fc8a6) Importer(815301076,1909f56bfc062723c751e8b465ee728b)  -> (artifact id: 'e4008866e1c2b0ea1988bb17ada455f1') in 0.006416 seconds 
========================================================================
Received Import Request.
  Time since last request: 12.817833 seconds.
  path: Assets/Resources/Material/BlendTexture/BlendTexture.shader
  artifactKey: Guid(3ce0d16c6cd034648a75b2a113d27bb4) Importer(815301076,1909f56bfc062723c751e8b465ee728b)
Start importing Assets/Resources/Material/BlendTexture/BlendTexture.shader using Guid(3ce0d16c6cd034648a75b2a113d27bb4) Importer(815301076,1909f56bfc062723c751e8b465ee728b)  -> (artifact id: '7d6bbbce9131d8e5e8b36d6747851d5f') in 0.020600 seconds 
========================================================================
Received Import Request.
  Time since last request: 32.555833 seconds.
  path: Assets/Resources/Material/BlendTexture/BlendTexture.mat
  artifactKey: Guid(643c88616bacdc94d865cf1892c2d346) Importer(815301076,1909f56bfc062723c751e8b465ee728b)
Start importing Assets/Resources/Material/BlendTexture/BlendTexture.mat using Guid(643c88616bacdc94d865cf1892c2d346) Importer(815301076,1909f56bfc062723c751e8b465ee728b)  -> (artifact id: 'bf9d6a6a24c2d0f7ddc6fa52aa1068e4') in 0.093753 seconds 
========================================================================
Received Import Request.
  Time since last request: 196.244089 seconds.
  path: Assets/Resources/Material/BlendTexture/BlendTexture.shader
  artifactKey: Guid(3ce0d16c6cd034648a75b2a113d27bb4) Importer(815301076,1909f56bfc062723c751e8b465ee728b)
Start importing Assets/Resources/Material/BlendTexture/BlendTexture.shader using Guid(3ce0d16c6cd034648a75b2a113d27bb4) Importer(815301076,1909f56bfc062723c751e8b465ee728b)  -> (artifact id: '6c0ef8d4190bde759f7c7b32bbf4d885') in 0.004464 seconds 
========================================================================
Received Prepare
Registering precompiled user dll's ...
Registered in 0.000660 seconds.
Begin MonoManager ReloadAssembly
Native extension for WindowsStandalone target not found
Refreshing native plugins compatible for Editor in 0.21 ms, found 0 plugins.
Preloading 0 native plugins for Editor in 0.00 ms.
Mono: successfully reloaded assembly
- Completed reload, in  0.848 seconds
Platform modules already initialized, skipping
Refreshing native plugins compatible for Editor in 0.22 ms, found 0 plugins.
Preloading 0 native plugins for Editor in 0.00 ms.
Unloading 1366 Unused Serialized files (Serialized files now loaded: 0)
System memory in use before: 107.0 MB.
System memory in use after: 106.7 MB.

Unloading 6 unused Assets to reduce memory usage. Loaded Objects now: 1972.
Total: 2.547800 ms (FindLiveObjects: 0.342700 ms CreateObjectMapping: 0.119300 ms MarkObjects: 1.864300 ms  DeleteObjects: 0.218900 ms)

========================================================================
Received Import Request.
  Time since last request: 27.090660 seconds.
  path: Assets/Resources/Material/BlendTexture/BlendTexture.shader
  artifactKey: Guid(3ce0d16c6cd034648a75b2a113d27bb4) Importer(815301076,1909f56bfc062723c751e8b465ee728b)
Start importing Assets/Resources/Material/BlendTexture/BlendTexture.shader using Guid(3ce0d16c6cd034648a75b2a113d27bb4) Importer(815301076,1909f56bfc062723c751e8b465ee728b)  -> (artifact id: '3da525acf1ee50efb9d38da3bedfeeca') in 0.022770 seconds 
========================================================================
Received Import Request.
  Time since last request: 26.930326 seconds.
  path: Assets/Resources/Material/texture.shader
  artifactKey: Guid(13573b73b1f1ae64da724f5402a980f2) Importer(815301076,1909f56bfc062723c751e8b465ee728b)
Start importing Assets/Resources/Material/texture.shader using Guid(13573b73b1f1ae64da724f5402a980f2) Importer(815301076,1909f56bfc062723c751e8b465ee728b)  -> (artifact id: '3d144f218b82a4c7a5b799aab25faadb') in 0.006869 seconds 
========================================================================
Received Import Request.
  Time since last request: 5.685800 seconds.
  path: Assets/Resources/Material/Blend/BlendTexture.shader
  artifactKey: Guid(00ec4a4b1cc111045aa7d6323c313cec) Importer(815301076,1909f56bfc062723c751e8b465ee728b)
Start importing Assets/Resources/Material/Blend/BlendTexture.shader using Guid(00ec4a4b1cc111045aa7d6323c313cec) Importer(815301076,1909f56bfc062723c751e8b465ee728b)  -> (artifact id: '99ec1e9bb3e3292281ed349f72754e87') in 0.003418 seconds 
========================================================================
Received Prepare
Registering precompiled user dll's ...
Registered in 0.000894 seconds.
Begin MonoManager ReloadAssembly
Native extension for WindowsStandalone target not found
Refreshing native plugins compatible for Editor in 0.21 ms, found 0 plugins.
Preloading 0 native plugins for Editor in 0.00 ms.
Mono: successfully reloaded assembly
- Completed reload, in  1.008 seconds
Platform modules already initialized, skipping
Refreshing native plugins compatible for Editor in 0.21 ms, found 0 plugins.
Preloading 0 native plugins for Editor in 0.00 ms.
Unloading 1366 Unused Serialized files (Serialized files now loaded: 0)
System memory in use before: 107.0 MB.
System memory in use after: 106.7 MB.

Unloading 6 unused Assets to reduce memory usage. Loaded Objects now: 1975.
Total: 1.948000 ms (FindLiveObjects: 0.227800 ms CreateObjectMapping: 0.072900 ms MarkObjects: 1.424200 ms  DeleteObjects: 0.222100 ms)

========================================================================
Received Import Request.
  Time since last request: 40.646526 seconds.
  path: Assets/Resources/Material/BlendTexture/BlendTexture.mat
  artifactKey: Guid(643c88616bacdc94d865cf1892c2d346) Importer(815301076,1909f56bfc062723c751e8b465ee728b)
Start importing Assets/Resources/Material/BlendTexture/BlendTexture.mat using Guid(643c88616bacdc94d865cf1892c2d346) Importer(815301076,1909f56bfc062723c751e8b465ee728b)  -> (artifact id: 'f6055bebd5c287e51cd5238dc5cf1d26') in 0.057541 seconds 
